<?xml version="1.0" encoding="UTF-8" ?>
<testsuite tests="1" failures="1" name="co.edu.javeriana.ws.rest.MyResourceTest" time="2.359" errors="0" skipped="0">
  <properties>
[...]
</properties>
  <testcase classname="co.edu.javeriana.ws.rest.MyResourceTest" name="testGetIt" time="2.222">
    <failure message="expected:&lt;[Got it!]&gt; but was:&lt;[[{&quot;campeonatos&quot;:1,&quot;fechanacimiento&quot;:&quot;01/01/1988&quot;,&quot;id&quot;:&quot;1&quot;,&quot;nombre&quot;:&quot;Montoya&quot;,&quot;podios&quot;:2},{&quot;campeonatos&quot;:1,&quot;fechanacimiento&quot;:&quot;01/01/1988&quot;,&quot;id&quot;:&quot;1&quot;,&quot;nombre&quot;:&quot;Montoya&quot;,&quot;podios&quot;:2}]]&gt;" type="org.junit.ComparisonFailure">org.junit.ComparisonFailure: expected:&lt;[Got it!]&gt; but was:&lt;[[{&quot;campeonatos&quot;:1,&quot;fechanacimiento&quot;:&quot;01/01/1988&quot;,&quot;id&quot;:&quot;1&quot;,&quot;nombre&quot;:&quot;Montoya&quot;,&quot;podios&quot;:2},{&quot;campeonatos&quot;:1,&quot;fechanacimiento&quot;:&quot;01/01/1988&quot;,&quot;id&quot;:&quot;1&quot;,&quot;nombre&quot;:&quot;Montoya&quot;,&quot;podios&quot;:2}]]&gt;
	at org.junit.Assert.assertEquals(Assert.java:125)
	at org.junit.Assert.assertEquals(Assert.java:147)
	at co.edu.javeriana.ws.rest.MyResourceTest.testGetIt(MyResourceTest.java:46)
	at sun.reflect.NativeMethodAccessorImpl.invoke0(Native Method)
	at sun.reflect.NativeMethodAccessorImpl.invoke(NativeMethodAccessorImpl.java:62)
	at sun.reflect.DelegatingMethodAccessorImpl.invoke(DelegatingMethodAccessorImpl.java:43)
	at java.lang.reflect.Method.invoke(Method.java:498)
	at org.junit.runners.model.FrameworkMethod$1.runReflectiveCall(FrameworkMethod.java:44)
	at org.junit.internal.runners.model.ReflectiveCallable.run(ReflectiveCallable.java:15)
	at org.junit.runners.model.FrameworkMethod.invokeExplosively(FrameworkMethod.java:41)
	at org.junit.internal.runners.statements.InvokeMethod.evaluate(InvokeMethod.java:20)
	at org.junit.internal.runners.statements.RunBefores.evaluate(RunBefores.java:28)
	at org.junit.internal.runners.statements.RunAfters.evaluate(RunAfters.java:31)
	at org.junit.runners.ParentRunner.runLeaf(ParentRunner.java:263)
	at org.junit.runners.BlockJUnit4ClassRunner.runChild(BlockJUnit4ClassRunner.java:69)
	at org.junit.runners.BlockJUnit4ClassRunner.runChild(BlockJUnit4ClassRunner.java:48)
	at org.junit.runners.ParentRunner$3.run(ParentRunner.java:231)
	at org.junit.runners.ParentRunner$1.schedule(ParentRunner.java:60)
	at org.junit.runners.ParentRunner.runChildren(ParentRunner.java:229)
	at org.junit.runners.ParentRunner.access$000(ParentRunner.java:50)
	at org.junit.runners.ParentRunner$2.evaluate(ParentRunner.java:222)
	at org.junit.runners.ParentRunner.run(ParentRunner.java:292)
	at org.apache.maven.surefire.junit4.JUnit4TestSet.execute(JUnit4TestSet.java:53)
	at org.apache.maven.surefire.junit4.JUnit4Provider.executeTestSet(JUnit4Provider.java:123)
	at org.apache.maven.surefire.junit4.JUnit4Provider.invoke(JUnit4Provider.java:104)
	at sun.reflect.NativeMethodAccessorImpl.invoke0(Native Method)
	at sun.reflect.NativeMethodAccessorImpl.invoke(NativeMethodAccessorImpl.java:62)
	at sun.reflect.DelegatingMethodAccessorImpl.invoke(DelegatingMethodAccessorImpl.java:43)
	at java.lang.reflect.Method.invoke(Method.java:498)
	at org.apache.maven.surefire.util.ReflectionUtils.invokeMethodWithArray(ReflectionUtils.java:164)
	at org.apache.maven.surefire.booter.ProviderFactory$ProviderProxy.invoke(ProviderFactory.java:110)
	at org.apache.maven.surefire.booter.SurefireStarter.invokeProvider(SurefireStarter.java:175)
	at org.apache.maven.surefire.booter.SurefireStarter.runSuitesInProcessWhenForked(SurefireStarter.java:107)
	at org.apache.maven.surefire.booter.ForkedBooter.main(ForkedBooter.java:68)
</failure>
    <system-out>lista 2
</system-out>
    <system-err>oct 29, 2018 1:14:15 AM org.glassfish.grizzly.http.server.NetworkListener start
INFORMACIÓN: Started listener bound to [localhost:8080]
oct 29, 2018 1:14:15 AM org.glassfish.grizzly.http.server.HttpServer start
INFORMACIÓN: [HttpServer] Started.
oct 29, 2018 1:14:15 AM org.glassfish.grizzly.http.server.NetworkListener shutdownNow
INFORMACIÓN: Stopped listener bound to [localhost:8080]
</system-err>
  </testcase>
</testsuite>